<?xml version="1.0" encoding="UTF-8"?>
<!-- Generated by org.testng.reporters.JUnitReportReporter -->
<testsuite skipped="0" hostname="DESKTOP-7FSFVSR" name="com.nopcommerce.demo.testSuite.computer.TestSuite" tests="2" failures="0" timestamp="16 Jun 2021 21:35:42 GMT" time="103.779" errors="0">
  <testcase name="verifyProductAddedToShoppingCartSuccessfully" time="84.323" classname="com.nopcommerce.demo.testSuite.computer.TestSuite"/>
  <testcase name="verifyProductArrangeInAlphaBaticalOrder" time="19.456" classname="com.nopcommerce.demo.testSuite.computer.TestSuite"/>
</testsuite> <!-- com.nopcommerce.demo.testSuite.computer.TestSuite -->
